<?xml version="1.0" encoding="UTF-8"?>
<!-- Generated by org.testng.reporters.JUnitXMLReporter -->
<testsuite ignored="0" hostname="AAPDyOVVbECDsDj" failures="0" tests="3" name="armHomePageTest" time="51.307" errors="0" timestamp="2024-02-17T17:11:10 IST">
  <testcase classname="testcases.armHomePageTest" name="ARMHomePageTest" time="9.475"/>
  <testcase classname="testcases.armHomePageTest" name="verifyLandingToProductDashBoard" time="11.3"/>
  <testcase classname="testcases.armHomePageTest" name="verifyLinkCount" time="0.008">
    <skipped/>
  </testcase> <!-- verifyLinkCount -->
</testsuite> <!-- armHomePageTest -->
