<?xml version="1.0" encoding="UTF-8"?>
<testng-results ignored="0" total="5" passed="4" failed="1" skipped="0">
  <reporter-output>
  </reporter-output>
  <suite started-at="2024-04-27T15:49:59 IST" name="Suite" finished-at="2024-04-27T15:51:53 IST" duration-ms="113817">
    <groups>
    </groups>
    <test started-at="2024-04-27T15:49:59 IST" name="Test" finished-at="2024-04-27T15:51:53 IST" duration-ms="113817">
      <class name="testcases.HomePageTest">
        <test-method signature="VerifyHomePageTitle(java.lang.String,java.lang.String)[pri:0, instance:testcases.HomePageTest@24097e9b]" started-at="2024-04-27T15:51:21 IST" name="VerifyHomePageTitle" data-provider="dp" finished-at="2024-04-27T15:51:26 IST" duration-ms="5201" status="PASS">
          <params>
            <param index="0">
              <value>
                <![CDATA[chrome]]>
              </value>
            </param>
            <param index="1">
              <value>
                <![CDATA[Y]]>
              </value>
            </param>
          </params>
          <reporter-output>
          </reporter-output>
        </test-method> <!-- VerifyHomePageTitle -->
        <test-method is-config="true" signature="tearDown()[pri:0, instance:testcases.HomePageTest@24097e9b]" started-at="2024-04-27T15:51:26 IST" name="tearDown" finished-at="2024-04-27T15:51:31 IST" duration-ms="5170" status="PASS">
          <reporter-output>
          </reporter-output>
        </test-method> <!-- tearDown -->
      </class> <!-- testcases.HomePageTest -->
      <class name="testcases.DashBoardTest">
        <test-method signature="verifyAllPets(java.lang.String,java.lang.String)[pri:0, instance:testcases.DashBoardTest@677b8e13]" started-at="2024-04-27T15:50:00 IST" name="verifyAllPets" data-provider="dp" finished-at="2024-04-27T15:51:03 IST" duration-ms="63891" status="FAIL">
          <params>
            <param index="0">
              <value>
                <![CDATA[chrome]]>
              </value>
            </param>
            <param index="1">
              <value>
                <![CDATA[Y]]>
              </value>
            </param>
          </params>
          <exception class="java.lang.AssertionError">
            <message>
              <![CDATA[The following asserts failed:
expected [Chihuahua] but found [Poodle],
expected [Labrador Retriever] but found [Dalmation],
expected [Golden Retriever] but found [Labrador Retriever],
expected [Dalmation] but found [Golden Retriever],
expected [Poodle] but found [Chihuahua],
expected [Iguana] but found [Rattlesnake],
expected [Rattlesnake] but found [Iguana],
expected [TigerShark] but found [Tiger Shark]]]>
            </message>
            <full-stacktrace>
              <![CDATA[java.lang.AssertionError: The following asserts failed:
expected [Chihuahua] but found [Poodle],
expected [Labrador Retriever] but found [Dalmation],
expected [Golden Retriever] but found [Labrador Retriever],
expected [Dalmation] but found [Golden Retriever],
expected [Poodle] but found [Chihuahua],
expected [Iguana] but found [Rattlesnake],
expected [Rattlesnake] but found [Iguana],
expected [TigerShark] but found [Tiger Shark]
at org.testng.asserts.SoftAssert.assertAll(SoftAssert.java:46)
at org.testng.asserts.SoftAssert.assertAll(SoftAssert.java:30)
at testcases.DashBoardTest.verifyAllPets(DashBoardTest.java:98)
at java.base/jdk.internal.reflect.NativeMethodAccessorImpl.invoke0(Native Method)
at java.base/jdk.internal.reflect.NativeMethodAccessorImpl.invoke(NativeMethodAccessorImpl.java:77)
at java.base/jdk.internal.reflect.DelegatingMethodAccessorImpl.invoke(DelegatingMethodAccessorImpl.java:43)
at java.base/java.lang.reflect.Method.invoke(Method.java:568)
at org.testng.internal.invokers.MethodInvocationHelper.invokeMethod(MethodInvocationHelper.java:139)
at org.testng.internal.invokers.TestInvoker.invokeMethod(TestInvoker.java:664)
at org.testng.internal.invokers.TestInvoker.invokeTestMethod(TestInvoker.java:228)
at org.testng.internal.invokers.MethodRunner.runInSequence(MethodRunner.java:63)
at org.testng.internal.invokers.TestInvoker$MethodInvocationAgent.invoke(TestInvoker.java:961)
at org.testng.internal.invokers.TestInvoker.invokeTestMethods(TestInvoker.java:201)
at org.testng.internal.invokers.TestMethodWorker.invokeTestMethods(TestMethodWorker.java:148)
at org.testng.internal.invokers.TestMethodWorker.run(TestMethodWorker.java:128)
at java.base/java.util.ArrayList.forEach(ArrayList.java:1511)
at org.testng.TestRunner.privateRun(TestRunner.java:819)
at org.testng.TestRunner.run(TestRunner.java:619)
at org.testng.SuiteRunner.runTest(SuiteRunner.java:443)
at org.testng.SuiteRunner.runSequentially(SuiteRunner.java:437)
at org.testng.SuiteRunner.privateRun(SuiteRunner.java:397)
at org.testng.SuiteRunner.run(SuiteRunner.java:336)
at org.testng.SuiteRunnerWorker.runSuite(SuiteRunnerWorker.java:52)
at org.testng.SuiteRunnerWorker.run(SuiteRunnerWorker.java:95)
at org.testng.TestNG.runSuitesSequentially(TestNG.java:1301)
at org.testng.TestNG.runSuitesLocally(TestNG.java:1228)
at org.testng.TestNG.runSuites(TestNG.java:1134)
at org.testng.TestNG.run(TestNG.java:1101)
at org.apache.maven.surefire.testng.TestNGExecutor.run(TestNGExecutor.java:308)
at org.apache.maven.surefire.testng.TestNGXmlTestSuite.execute(TestNGXmlTestSuite.java:71)
at org.apache.maven.surefire.testng.TestNGProvider.invoke(TestNGProvider.java:113)
at org.apache.maven.surefire.booter.ForkedBooter.runSuitesInProcess(ForkedBooter.java:385)
at org.apache.maven.surefire.booter.ForkedBooter.execute(ForkedBooter.java:162)
at org.apache.maven.surefire.booter.ForkedBooter.run(ForkedBooter.java:507)
at org.apache.maven.surefire.booter.ForkedBooter.main(ForkedBooter.java:495)
]]>
            </full-stacktrace>
          </exception> <!-- java.lang.AssertionError -->
          <reporter-output>
          </reporter-output>
        </test-method> <!-- verifyAllPets -->
        <test-method is-config="true" signature="tearDown()[pri:0, instance:testcases.DashBoardTest@677b8e13]" started-at="2024-04-27T15:51:03 IST" name="tearDown" finished-at="2024-04-27T15:51:09 IST" duration-ms="5183" status="PASS">
          <reporter-output>
          </reporter-output>
        </test-method> <!-- tearDown -->
        <test-method signature="verifyAvailablePets(java.lang.String,java.lang.String)[pri:0, instance:testcases.DashBoardTest@677b8e13]" started-at="2024-04-27T15:51:09 IST" name="verifyAvailablePets" data-provider="dp" finished-at="2024-04-27T15:51:16 IST" duration-ms="6866" status="PASS">
          <params>
            <param index="0">
              <value>
                <![CDATA[chrome]]>
              </value>
            </param>
            <param index="1">
              <value>
                <![CDATA[Y]]>
              </value>
            </param>
          </params>
          <reporter-output>
          </reporter-output>
        </test-method> <!-- verifyAvailablePets -->
        <test-method is-config="true" signature="tearDown()[pri:0, instance:testcases.DashBoardTest@677b8e13]" started-at="2024-04-27T15:51:16 IST" name="tearDown" finished-at="2024-04-27T15:51:21 IST" duration-ms="5164" status="PASS">
          <reporter-output>
          </reporter-output>
        </test-method> <!-- tearDown -->
      </class> <!-- testcases.DashBoardTest -->
      <class name="testcases.StoreEntryTest">
        <test-method signature="VerifySignInButtonPresence(java.lang.String,java.lang.String)[pri:0, instance:testcases.StoreEntryTest@293cde83]" started-at="2024-04-27T15:51:31 IST" name="VerifySignInButtonPresence" data-provider="dp" finished-at="2024-04-27T15:51:37 IST" duration-ms="5954" status="PASS">
          <params>
            <param index="0">
              <value>
                <![CDATA[chrome]]>
              </value>
            </param>
            <param index="1">
              <value>
                <![CDATA[Y]]>
              </value>
            </param>
          </params>
          <reporter-output>
          </reporter-output>
        </test-method> <!-- VerifySignInButtonPresence -->
        <test-method is-config="true" signature="tearDown()[pri:0, instance:testcases.StoreEntryTest@293cde83]" started-at="2024-04-27T15:51:37 IST" name="tearDown" finished-at="2024-04-27T15:51:42 IST" duration-ms="5154" status="PASS">
          <reporter-output>
          </reporter-output>
        </test-method> <!-- tearDown -->
        <test-method signature="VerifyStoreEntryTitle(java.lang.String,java.lang.String)[pri:0, instance:testcases.StoreEntryTest@293cde83]" started-at="2024-04-27T15:51:42 IST" name="VerifyStoreEntryTitle" data-provider="dp" finished-at="2024-04-27T15:51:48 IST" duration-ms="5840" status="PASS">
          <params>
            <param index="0">
              <value>
                <![CDATA[chrome]]>
              </value>
            </param>
            <param index="1">
              <value>
                <![CDATA[Y]]>
              </value>
            </param>
          </params>
          <reporter-output>
          </reporter-output>
        </test-method> <!-- VerifyStoreEntryTitle -->
        <test-method is-config="true" signature="tearDown()[pri:0, instance:testcases.StoreEntryTest@293cde83]" started-at="2024-04-27T15:51:48 IST" name="tearDown" finished-at="2024-04-27T15:51:53 IST" duration-ms="5160" status="PASS">
          <reporter-output>
          </reporter-output>
        </test-method> <!-- tearDown -->
      </class> <!-- testcases.StoreEntryTest -->
    </test> <!-- Test -->
  </suite> <!-- Suite -->
</testng-results>
